<?xml version="1.0" encoding="utf-8"?><testsuites name="pytest tests"><testsuite name="pytest" errors="0" failures="1" skipped="0" tests="29" time="10.073" timestamp="2026-06-14T11:15:16.893064+00:00" hostname="agent-env-384fe99b-f053-4a8b-97a1-69bf27dcaff3"><testcase classname="test_smartcity.TestAuth" name="test_login_admin" time="0.382" /><testcase classname="test_smartcity.TestAuth" name="test_login_officer" time="0.352" /><testcase classname="test_smartcity.TestAuth" name="test_login_citizen" time="0.381" /><testcase classname="test_smartcity.TestAuth" name="test_login_invalid" time="0.089" /><testcase classname="test_smartcity.TestAuth" name="test_me_authorized" time="0.130" /><testcase classname="test_smartcity.TestAuth" name="test_me_unauthorized" time="0.127" /><testcase classname="test_smartcity.TestAuth" name="test_register_citizen" time="0.323" /><testcase classname="test_smartcity.TestDeptRouting" name="test_list_departments" time="0.127"><failure message="AssertionError: expected &gt;=10 depts, got 9&#10;assert 9 &gt;= 10&#10; +  where 9 = len([{'categories': ['Flood'], 'contact_email': 'disaster.management.department@city.gov', 'created_at': '2026-06-14T11:04:25.548038+00:00', 'description': 'Disaster Management Department of the city government', ...}, {'categories': ['Crime', 'Vandalism'], 'contact_email': 'public.safety.department@city.gov', 'created_at': '2026-06-14T11:04:25.548585+00:00', 'description': 'Public Safety Department of the city government', ...}, {'categories': ['Other'], 'contact_email': 'general.affairs.department@city.gov', 'created_at': '2026-06-14T11:04:25.548953+00:00', 'description': 'General Affairs Department of the city government', ...}, {'categories': ['Public Lighting'], 'contact_email': 'electrical.infrastructure.department@city.gov', 'created_at': '2026-06-14T11:04:25.549224+00:00', 'description': 'Electrical Infrastructure Department of the city government', ...}, {'categories': ['Environmental Issue'], 'contact_email': 'environmental.department@city.gov', 'created_at': '2026-06-14T11:04:25.549449+00:00', 'description': 'Environmental Department of the city government', ...}, {'categories': ['Garbage'], 'contact_email': 'sanitation.department@city.gov', 'created_at': '2026-06-14T11:04:25.549647+00:00', 'description': 'Sanitation Department of the city government', ...}, ...])">test_smartcity.py:55: in test_list_departments
    assert len(data) &gt;= 10, f"expected &gt;=10 depts, got {len(data)}"
E   AssertionError: expected &gt;=10 depts, got 9
E   assert 9 &gt;= 10
E    +  where 9 = len([{'categories': ['Flood'], 'contact_email': 'disaster.management.department@city.gov', 'created_at': '2026-06-14T11:04:25.548038+00:00', 'description': 'Disaster Management Department of the city government', ...}, {'categories': ['Crime', 'Vandalism'], 'contact_email': 'public.safety.department@city.gov', 'created_at': '2026-06-14T11:04:25.548585+00:00', 'description': 'Public Safety Department of the city government', ...}, {'categories': ['Other'], 'contact_email': 'general.affairs.department@city.gov', 'created_at': '2026-06-14T11:04:25.548953+00:00', 'description': 'General Affairs Department of the city government', ...}, {'categories': ['Public Lighting'], 'contact_email': 'electrical.infrastructure.department@city.gov', 'created_at': '2026-06-14T11:04:25.549224+00:00', 'description': 'Electrical Infrastructure Department of the city government', ...}, {'categories': ['Environmental Issue'], 'contact_email': 'environmental.department@city.gov', 'created_at': '2026-06-14T11:04:25.549449+00:00', 'description': 'Environmental Department of the city government', ...}, {'categories': ['Garbage'], 'contact_email': 'sanitation.department@city.gov', 'created_at': '2026-06-14T11:04:25.549647+00:00', 'description': 'Sanitation Department of the city government', ...}, ...])</failure></testcase><testcase classname="test_smartcity.TestDeptRouting" name="test_list_routing_rules" time="0.163" /><testcase classname="test_smartcity.TestDeptRouting" name="test_non_admin_cannot_create_dept" time="0.104" /><testcase classname="test_smartcity.TestReportsList" name="test_list_reports" time="0.107" /><testcase classname="test_smartcity.TestReportsList" name="test_mine_filter" time="0.099" /><testcase classname="test_smartcity.TestReportsList" name="test_assigned_to_me" time="0.104" /><testcase classname="test_smartcity.TestAI" name="test_classify_preview" time="2.225" /><testcase classname="test_smartcity.TestAI" name="test_check_duplicate" time="0.096" /><testcase classname="test_smartcity.TestReportFlow" name="test_create_report" time="2.993" /><testcase classname="test_smartcity.TestReportFlow" name="test_get_report" time="0.121" /><testcase classname="test_smartcity.TestReportFlow" name="test_upvote_toggle" time="0.204" /><testcase classname="test_smartcity.TestReportFlow" name="test_comment_create_and_list" time="0.220" /><testcase classname="test_smartcity.TestReportFlow" name="test_status_update_as_officer" time="0.093" /><testcase classname="test_smartcity.TestReportFlow" name="test_status_update_forbidden_for_citizen" time="0.093" /><testcase classname="test_smartcity.TestUploads" name="test_upload_and_serve" time="0.727" /><testcase classname="test_smartcity.TestAnalytics" name="test_kpis" time="0.093" /><testcase classname="test_smartcity.TestAnalytics" name="test_analytics_arrays[by-category]" time="0.136" /><testcase classname="test_smartcity.TestAnalytics" name="test_analytics_arrays[by-status]" time="0.099" /><testcase classname="test_smartcity.TestAnalytics" name="test_analytics_arrays[by-department]" time="0.103" /><testcase classname="test_smartcity.TestAnalytics" name="test_analytics_arrays[trends?days=30]" time="0.097" /><testcase classname="test_smartcity.TestAnalytics" name="test_officer_performance" time="0.115" /><testcase classname="test_smartcity.TestNotifications" name="test_list" time="0.101" /></testsuite></testsuites>